<?xml version="1.0" encoding="UTF-8"?>
<testng-results skipped="0" failed="1" ignored="0" total="1" passed="0">
  <reporter-output>
  </reporter-output>
  <suite name="Default suite" duration-ms="12062" started-at="2022-09-11T09:11:25 IST" finished-at="2022-09-11T09:11:37 IST">
    <groups>
    </groups>
    <test name="Default test" duration-ms="12062" started-at="2022-09-11T09:11:25 IST" finished-at="2022-09-11T09:11:37 IST">
      <class name="com.tests.LoginTest">
        <test-method status="FAIL" signature="test01()[pri:0, instance:com.tests.LoginTest@17579e0f]" name="test01" duration-ms="11700" started-at="2022-09-11T09:11:25 IST" finished-at="2022-09-11T09:11:37 IST">
          <exception class="org.openqa.selenium.SessionNotCreatedException">
            <message>
              <![CDATA[session not created: This version of ChromeDriver only supports Chrome version 93
Current browser version is 105.0.5195.102 with binary path C:\Program Files (x86)\Google\Chrome\Application\chrome.exe
Build info: version: '3.14.0', revision: 'aacccce0', time: '2018-08-02T20:19:58.91Z'
System info: host: 'DESKTOP-F7U83V5', ip: '192.168.137.1', os.name: 'Windows 10', os.arch: 'amd64', os.version: '10.0', java.version: '1.8.0_144'
Driver info: driver.version: ChromeDriver
remote stacktrace: Backtrace:
Ordinal0 [0x010AD403+2479107]
Ordinal0 [0x01047D51+2063697]
Ordinal0 [0x00F520C8+1056968]
Ordinal0 [0x00F7043A+1180730]
Ordinal0 [0x00F6C355+1164117]
Ordinal0 [0x00F69B7F+1153919]
Ordinal0 [0x00F99CBF+1350847]
Ordinal0 [0x00F9992A+1349930]
Ordinal0 [0x00F9583B+1333307]
Ordinal0 [0x00F71F94+1187732]
Ordinal0 [0x00F72DE9+1191401]
GetHandleVerifier [0x0122F3F6+1531734]
GetHandleVerifier [0x012DE9AE+2249998]
GetHandleVerifier [0x011339AB+501003]
GetHandleVerifier [0x01132A29+497033]
Ordinal0 [0x0104D11D+2085149]
Ordinal0 [0x010511C8+2101704]
Ordinal0 [0x01051302+2102018]
Ordinal0 [0x0105AA71+2140785]
BaseThreadInitThunk [0x75EA6359+25]
RtlGetAppContainerNamedObjectPath [0x777E87A4+228]
RtlGetAppContainerNamedObjectPath [0x777E8774+180]
]]>
            </message>
            <full-stacktrace>
              <![CDATA[org.openqa.selenium.SessionNotCreatedException: session not created: This version of ChromeDriver only supports Chrome version 93
Current browser version is 105.0.5195.102 with binary path C:\Program Files (x86)\Google\Chrome\Application\chrome.exe
Build info: version: '3.14.0', revision: 'aacccce0', time: '2018-08-02T20:19:58.91Z'
System info: host: 'DESKTOP-F7U83V5', ip: '192.168.137.1', os.name: 'Windows 10', os.arch: 'amd64', os.version: '10.0', java.version: '1.8.0_144'
Driver info: driver.version: ChromeDriver
remote stacktrace: Backtrace:
Ordinal0 [0x010AD403+2479107]
Ordinal0 [0x01047D51+2063697]
Ordinal0 [0x00F520C8+1056968]
Ordinal0 [0x00F7043A+1180730]
Ordinal0 [0x00F6C355+1164117]
Ordinal0 [0x00F69B7F+1153919]
Ordinal0 [0x00F99CBF+1350847]
Ordinal0 [0x00F9992A+1349930]
Ordinal0 [0x00F9583B+1333307]
Ordinal0 [0x00F71F94+1187732]
Ordinal0 [0x00F72DE9+1191401]
GetHandleVerifier [0x0122F3F6+1531734]
GetHandleVerifier [0x012DE9AE+2249998]
GetHandleVerifier [0x011339AB+501003]
GetHandleVerifier [0x01132A29+497033]
Ordinal0 [0x0104D11D+2085149]
Ordinal0 [0x010511C8+2101704]
Ordinal0 [0x01051302+2102018]
Ordinal0 [0x0105AA71+2140785]
BaseThreadInitThunk [0x75EA6359+25]
RtlGetAppContainerNamedObjectPath [0x777E87A4+228]
RtlGetAppContainerNamedObjectPath [0x777E8774+180]

at sun.reflect.NativeConstructorAccessorImpl.newInstance0(Native Method)
at sun.reflect.NativeConstructorAccessorImpl.newInstance(Unknown Source)
at sun.reflect.DelegatingConstructorAccessorImpl.newInstance(Unknown Source)
at java.lang.reflect.Constructor.newInstance(Unknown Source)
at org.openqa.selenium.remote.W3CHandshakeResponse.lambda$new$0(W3CHandshakeResponse.java:57)
at org.openqa.selenium.remote.W3CHandshakeResponse.lambda$getResponseFunction$2(W3CHandshakeResponse.java:104)
at org.openqa.selenium.remote.ProtocolHandshake.lambda$createSession$0(ProtocolHandshake.java:122)
at java.util.stream.ReferencePipeline$3$1.accept(Unknown Source)
at java.util.Spliterators$ArraySpliterator.tryAdvance(Unknown Source)
at java.util.stream.ReferencePipeline.forEachWithCancel(Unknown Source)
at java.util.stream.AbstractPipeline.copyIntoWithCancel(Unknown Source)
at java.util.stream.AbstractPipeline.copyInto(Unknown Source)
at java.util.stream.AbstractPipeline.wrapAndCopyInto(Unknown Source)
at java.util.stream.FindOps$FindOp.evaluateSequential(Unknown Source)
at java.util.stream.AbstractPipeline.evaluate(Unknown Source)
at java.util.stream.ReferencePipeline.findFirst(Unknown Source)
at org.openqa.selenium.remote.ProtocolHandshake.createSession(ProtocolHandshake.java:125)
at org.openqa.selenium.remote.ProtocolHandshake.createSession(ProtocolHandshake.java:73)
at org.openqa.selenium.remote.HttpCommandExecutor.execute(HttpCommandExecutor.java:136)
at org.openqa.selenium.remote.service.DriverCommandExecutor.execute(DriverCommandExecutor.java:83)
at org.openqa.selenium.remote.RemoteWebDriver.execute(RemoteWebDriver.java:548)
at org.openqa.selenium.remote.RemoteWebDriver.startSession(RemoteWebDriver.java:212)
at org.openqa.selenium.remote.RemoteWebDriver.<init>(RemoteWebDriver.java:130)
at org.openqa.selenium.chrome.ChromeDriver.<init>(ChromeDriver.java:181)
at org.openqa.selenium.chrome.ChromeDriver.<init>(ChromeDriver.java:168)
at org.openqa.selenium.chrome.ChromeDriver.<init>(ChromeDriver.java:123)
at com.tests.LoginTest.test01(LoginTest.java:13)
at sun.reflect.NativeMethodAccessorImpl.invoke0(Native Method)
at sun.reflect.NativeMethodAccessorImpl.invoke(Unknown Source)
at sun.reflect.DelegatingMethodAccessorImpl.invoke(Unknown Source)
at java.lang.reflect.Method.invoke(Unknown Source)
at org.testng.internal.MethodInvocationHelper.invokeMethod(MethodInvocationHelper.java:133)
at org.testng.internal.TestInvoker.invokeMethod(TestInvoker.java:598)
at org.testng.internal.TestInvoker.invokeTestMethod(TestInvoker.java:173)
at org.testng.internal.MethodRunner.runInSequence(MethodRunner.java:46)
at org.testng.internal.TestInvoker$MethodInvocationAgent.invoke(TestInvoker.java:824)
at org.testng.internal.TestInvoker.invokeTestMethods(TestInvoker.java:146)
at org.testng.internal.TestMethodWorker.invokeTestMethods(TestMethodWorker.java:146)
at org.testng.internal.TestMethodWorker.run(TestMethodWorker.java:128)
at java.util.ArrayList.forEach(Unknown Source)
at org.testng.TestRunner.privateRun(TestRunner.java:794)
at org.testng.TestRunner.run(TestRunner.java:596)
at org.testng.SuiteRunner.runTest(SuiteRunner.java:377)
at org.testng.SuiteRunner.runSequentially(SuiteRunner.java:371)
at org.testng.SuiteRunner.privateRun(SuiteRunner.java:332)
at org.testng.SuiteRunner.run(SuiteRunner.java:276)
at org.testng.SuiteRunnerWorker.runSuite(SuiteRunnerWorker.java:53)
at org.testng.SuiteRunnerWorker.run(SuiteRunnerWorker.java:96)
at org.testng.TestNG.runSuitesSequentially(TestNG.java:1212)
at org.testng.TestNG.runSuitesLocally(TestNG.java:1134)
at org.testng.TestNG.runSuites(TestNG.java:1063)
at org.testng.TestNG.run(TestNG.java:1031)
at org.testng.remote.AbstractRemoteTestNG.run(AbstractRemoteTestNG.java:115)
at org.testng.remote.RemoteTestNG.initAndRun(RemoteTestNG.java:251)
at org.testng.remote.RemoteTestNG.main(RemoteTestNG.java:77)
]]>
            </full-stacktrace>
          </exception> <!-- org.openqa.selenium.SessionNotCreatedException -->
          <reporter-output>
          </reporter-output>
        </test-method> <!-- test01 -->
      </class> <!-- com.tests.LoginTest -->
    </test> <!-- Default test -->
  </suite> <!-- Default suite -->
</testng-results>
